2016-03-18 09:50:19,413 DEBUG - Invoking afterPropertiesSet() on bean with name 'error'
2016-03-18 09:50:19,416 DEBUG - Rendering view [org.springframework.web.servlet.view.JstlView: name 'error'; URL [/pages/error.jsp]] in DispatcherServlet with name 'imis'
2016-03-18 09:50:19,417 DEBUG - Including resource [/pages/error.jsp] in InternalResourceView 'error'
2016-03-18 09:50:19,454 DEBUG - Error rendering view [org.springframework.web.servlet.view.JstlView: name 'error'; URL [/pages/error.jsp]] in DispatcherServlet with name 'imis'
javax.servlet.ServletException: File &quot;/pages/error.jsp&quot; not found
	at org.apache.jasper.servlet.JspServlet.handleMissingResource(JspServlet.java:335)
	at org.apache.jasper.servlet.JspServlet.serviceJspFile(JspServlet.java:301)
	at org.apache.jasper.servlet.JspServlet.service(JspServlet.java:260)
	at javax.servlet.http.HttpServlet.service(HttpServlet.java:717)
	at org.apache.catalina.core.ApplicationFilterChain.internalDoFilter(ApplicationFilterChain.java:290)
	at org.apache.catalina.core.ApplicationFilterChain.doFilter(ApplicationFilterChain.java:206)
	at org.apache.catalina.core.ApplicationDispatcher.invoke(ApplicationDispatcher.java:646)
	at org.apache.catalina.core.ApplicationDispatcher.doInclude(ApplicationDispatcher.java:551)
	at org.apache.catalina.core.ApplicationDispatcher.include(ApplicationDispatcher.java:488)
	at org.springframework.web.servlet.view.InternalResourceView.renderMergedOutputModel(InternalResourceView.java:201)
	at org.springframework.web.servlet.view.AbstractView.render(AbstractView.java:266)
	at org.springframework.web.servlet.DispatcherServlet.render(DispatcherServlet.java:1225)
	at org.springframework.web.servlet.DispatcherServlet.processDispatchResult(DispatcherServlet.java:1012)
	at org.springframework.web.servlet.DispatcherServlet.doDispatch(DispatcherServlet.java:959)
	at org.springframework.web.servlet.DispatcherServlet.doService(DispatcherServlet.java:876)
	at org.springframework.web.servlet.FrameworkServlet.processRequest(FrameworkServlet.java:961)
	at org.springframework.web.servlet.FrameworkServlet.doGet(FrameworkServlet.java:852)
	at javax.servlet.http.HttpServlet.service(HttpServlet.java:617)
	at org.springframework.web.servlet.FrameworkServlet.service(FrameworkServlet.java:837)
	at javax.servlet.http.HttpServlet.service(HttpServlet.java:717)
	at org.apache.catalina.core.ApplicationFilterChain.internalDoFilter(ApplicationFilterChain.java:290)
	at org.apache.catalina.core.ApplicationFilterChain.doFilter(ApplicationFilterChain.java:206)
	at org.springframework.web.filter.CharacterEncodingFilter.doFilterInternal(CharacterEncodingFilter.java:88)
	at org.springframework.web.filter.OncePerRequestFilter.doFilter(OncePerRequestFilter.java:108)
	at org.apache.catalina.core.ApplicationFilterChain.internalDoFilter(ApplicationFilterChain.java:235)
	at org.apache.catalina.core.ApplicationFilterChain.doFilter(ApplicationFilterChain.java:206)
	at org.springframework.security.web.FilterChainProxy$VirtualFilterChain.doFilter(FilterChainProxy.java:330)
	at org.springframework.security.web.access.intercept.FilterSecurityInterceptor.invoke(FilterSecurityInterceptor.java:118)
	at org.springframework.security.web.access.intercept.FilterSecurityInterceptor.doFilter(FilterSecurityInterceptor.java:84)
	at org.springframework.security.web.FilterChainProxy$VirtualFilterChain.doFilter(FilterChainProxy.java:342)
	at org.springframework.security.web.access.ExceptionTranslationFilter.doFilter(ExceptionTranslationFilter.java:113)
	at org.springframework.security.web.FilterChainProxy$VirtualFilterChain.doFilter(FilterChainProxy.java:342)
	at org.springframework.security.web.session.SessionManagementFilter.doFilter(SessionManagementFilter.java:103)
	at org.springframework.security.web.FilterChainProxy$VirtualFilterChain.doFilter(FilterChainProxy.java:342)
	at org.springframework.security.web.authentication.AnonymousAuthenticationFilter.doFilter(AnonymousAuthenticationFilter.java:113)
	at org.springframework.security.web.FilterChainProxy$VirtualFilterChain.doFilter(FilterChainProxy.java:342)
	at org.springframework.security.web.authentication.rememberme.RememberMeAuthenticationFilter.doFilter(RememberMeAuthenticationFilter.java:146)
	at org.springframework.security.web.FilterChainProxy$VirtualFilterChain.doFilter(FilterChainProxy.java:342)
	at org.springframework.security.web.servletapi.SecurityContextHolderAwareRequestFilter.doFilter(SecurityContextHolderAwareRequestFilter.java:154)
	at org.springframework.security.web.FilterChainProxy$VirtualFilterChain.doFilter(FilterChainProxy.java:342)
	at org.springframework.security.web.savedrequest.RequestCacheAwareFilter.doFilter(RequestCacheAwareFilter.java:45)
	at org.springframework.security.web.FilterChainProxy$VirtualFilterChain.doFilter(FilterChainProxy.java:342)
	at org.springframework.security.web.authentication.www.BasicAuthenticationFilter.doFilter(BasicAuthenticationFilter.java:150)
	at org.springframework.security.web.FilterChainProxy$VirtualFilterChain.doFilter(FilterChainProxy.java:342)
	at org.springframework.security.web.authentication.AbstractAuthenticationProcessingFilter.doFilter(AbstractAuthenticationProcessingFilter.java:199)
	at org.springframework.security.web.FilterChainProxy$VirtualFilterChain.doFilter(FilterChainProxy.java:342)
	at org.springframework.security.web.authentication.AbstractAuthenticationProcessingFilter.doFilter(AbstractAuthenticationProcessingFilter.java:199)
	at org.springframework.security.web.FilterChainProxy$VirtualFilterChain.doFilter(FilterChainProxy.java:342)
	at org.springframework.security.web.authentication.logout.LogoutFilter.doFilter(LogoutFilter.java:110)
	at org.springframework.security.web.FilterChainProxy$VirtualFilterChain.doFilter(FilterChainProxy.java:342)
	at org.springframework.security.web.context.SecurityContextPersistenceFilter.doFilter(SecurityContextPersistenceFilter.java:87)
	at org.springframework.security.web.FilterChainProxy$VirtualFilterChain.doFilter(FilterChainProxy.java:342)
	at org.springframework.security.web.FilterChainProxy.doFilterInternal(FilterChainProxy.java:192)
	at org.springframework.security.web.FilterChainProxy.doFilter(FilterChainProxy.java:160)
	at org.springframework.web.filter.DelegatingFilterProxy.invokeDelegate(DelegatingFilterProxy.java:344)
	at org.springframework.web.filter.DelegatingFilterProxy.doFilter(DelegatingFilterProxy.java:261)
	at org.apache.catalina.core.ApplicationFilterChain.internalDoFilter(ApplicationFilterChain.java:235)
	at org.apache.catalina.core.ApplicationFilterChain.doFilter(ApplicationFilterChain.java:206)
	at org.apache.catalina.core.StandardWrapperValve.invoke(StandardWrapperValve.java:233)
	at org.apache.catalina.core.StandardContextValve.invoke(StandardContextValve.java:191)
	at org.apache.catalina.core.StandardHostValve.invoke(StandardHostValve.java:127)
	at org.apache.catalina.valves.ErrorReportValve.invoke(ErrorReportValve.java:102)
	at org.apache.catalina.core.StandardEngineValve.invoke(StandardEngineValve.java:109)
	at org.apache.catalina.connector.CoyoteAdapter.service(CoyoteAdapter.java:298)
	at org.apache.coyote.http11.Http11Processor.process(Http11Processor.java:857)
	at org.apache.coyote.http11.Http11Protocol$Http11ConnectionHandler.process(Http11Protocol.java:588)
	at org.apache.tomcat.util.net.JIoEndpoint$Worker.run(JIoEndpoint.java:489)
	at java.lang.Thread.run(Thread.java:745)
2016-03-18 09:50:19,454 DEBUG - Could not complete request
javax.servlet.ServletException: File &quot;/pages/error.jsp&quot; not found
	at org.apache.jasper.servlet.JspServlet.handleMissingResource(JspServlet.java:335)
	at org.apache.jasper.servlet.JspServlet.serviceJspFile(JspServlet.java:301)
	at org.apache.jasper.servlet.JspServlet.service(JspServlet.java:260)
	at javax.servlet.http.HttpServlet.service(HttpServlet.java:717)
	at org.apache.catalina.core.ApplicationFilterChain.internalDoFilter(ApplicationFilterChain.java:290)
	at org.apache.catalina.core.ApplicationFilterChain.doFilter(ApplicationFilterChain.java:206)
	at org.apache.catalina.core.ApplicationDispatcher.invoke(ApplicationDispatcher.java:646)
	at org.apache.catalina.core.ApplicationDispatcher.doInclude(ApplicationDispatcher.java:551)
	at org.apache.catalina.core.ApplicationDispatcher.include(ApplicationDispatcher.java:488)
	at org.springframework.web.servlet.view.InternalResourceView.renderMergedOutputModel(InternalResourceView.java:201)
	at org.springframework.web.servlet.view.AbstractView.render(AbstractView.java:266)
	at org.springframework.web.servlet.DispatcherServlet.render(DispatcherServlet.java:1225)
	at org.springframework.web.servlet.DispatcherServlet.processDispatchResult(DispatcherServlet.java:1012)
	at org.springframework.web.servlet.DispatcherServlet.doDispatch(DispatcherServlet.java:959)
	at org.springframework.web.servlet.DispatcherServlet.doService(DispatcherServlet.java:876)
	at org.springframework.web.servlet.FrameworkServlet.processRequest(FrameworkServlet.java:961)
	at org.springframework.web.servlet.FrameworkServlet.doGet(FrameworkServlet.java:852)
	at javax.servlet.http.HttpServlet.service(HttpServlet.java:617)
	at org.springframework.web.servlet.FrameworkServlet.service(FrameworkServlet.java:837)
	at javax.servlet.http.HttpServlet.service(HttpServlet.java:717)
	at org.apache.catalina.core.ApplicationFilterChain.internalDoFilter(ApplicationFilterChain.java:290)
	at org.apache.catalina.core.ApplicationFilterChain.doFilter(ApplicationFilterChain.java:206)
	at org.springframework.web.filter.CharacterEncodingFilter.doFilterInternal(CharacterEncodingFilter.java:88)
	at org.springframework.web.filter.OncePerRequestFilter.doFilter(OncePerRequestFilter.java:108)
	at org.apache.catalina.core.ApplicationFilterChain.internalDoFilter(ApplicationFilterChain.java:235)
	at org.apache.catalina.core.ApplicationFilterChain.doFilter(ApplicationFilterChain.java:206)
	at org.springframework.security.web.FilterChainProxy$VirtualFilterChain.doFilter(FilterChainProxy.java:330)
	at org.springframework.security.web.access.intercept.FilterSecurityInterceptor.invoke(FilterSecurityInterceptor.java:118)
	at org.springframework.security.web.access.intercept.FilterSecurityInterceptor.doFilter(FilterSecurityInterceptor.java:84)
	at org.springframework.security.web.FilterChainProxy$VirtualFilterChain.doFilter(FilterChainProxy.java:342)
	at org.springframework.security.web.access.ExceptionTranslationFilter.doFilter(ExceptionTranslationFilter.java:113)
	at org.springframework.security.web.FilterChainProxy$VirtualFilterChain.doFilter(FilterChainProxy.java:342)
	at org.springframework.security.web.session.SessionManagementFilter.doFilter(SessionManagementFilter.java:103)
	at org.springframework.security.web.FilterChainProxy$VirtualFilterChain.doFilter(FilterChainProxy.java:342)
	at org.springframework.security.web.authentication.AnonymousAuthenticationFilter.doFilter(AnonymousAuthenticationFilter.java:113)
	at org.springframework.security.web.FilterChainProxy$VirtualFilterChain.doFilter(FilterChainProxy.java:342)
	at org.springframework.security.web.authentication.rememberme.RememberMeAuthenticationFilter.doFilter(RememberMeAuthenticationFilter.java:146)
	at org.springframework.security.web.FilterChainProxy$VirtualFilterChain.doFilter(FilterChainProxy.java:342)
	at org.springframework.security.web.servletapi.SecurityContextHolderAwareRequestFilter.doFilter(SecurityContextHolderAwareRequestFilter.java:154)
	at org.springframework.security.web.FilterChainProxy$VirtualFilterChain.doFilter(FilterChainProxy.java:342)
	at org.springframework.security.web.savedrequest.RequestCacheAwareFilter.doFilter(RequestCacheAwareFilter.java:45)
	at org.springframework.security.web.FilterChainProxy$VirtualFilterChain.doFilter(FilterChainProxy.java:342)
	at org.springframework.security.web.authentication.www.BasicAuthenticationFilter.doFilter(BasicAuthenticationFilter.java:150)
	at org.springframework.security.web.FilterChainProxy$VirtualFilterChain.doFilter(FilterChainProxy.java:342)
	at org.springframework.security.web.authentication.AbstractAuthenticationProcessingFilter.doFilter(AbstractAuthenticationProcessingFilter.java:199)
	at org.springframework.security.web.FilterChainProxy$VirtualFilterChain.doFilter(FilterChainProxy.java:342)
	at org.springframework.security.web.authentication.AbstractAuthenticationProcessingFilter.doFilter(AbstractAuthenticationProcessingFilter.java:199)
	at org.springframework.security.web.FilterChainProxy$VirtualFilterChain.doFilter(FilterChainProxy.java:342)
	at org.springframework.security.web.authentication.logout.LogoutFilter.doFilter(LogoutFilter.java:110)
	at org.springframework.security.web.FilterChainProxy$VirtualFilterChain.doFilter(FilterChainProxy.java:342)
	at org.springframework.security.web.context.SecurityContextPersistenceFilter.doFilter(SecurityContextPersistenceFilter.java:87)
	at org.springframework.security.web.FilterChainProxy$VirtualFilterChain.doFilter(FilterChainProxy.java:342)
	at org.springframework.security.web.FilterChainProxy.doFilterInternal(FilterChainProxy.java:192)
	at org.springframework.security.web.FilterChainProxy.doFilter(FilterChainProxy.java:160)
	at org.springframework.web.filter.DelegatingFilterProxy.invokeDelegate(DelegatingFilterProxy.java:344)
	at org.springframework.web.filter.DelegatingFilterProxy.doFilter(DelegatingFilterProxy.java:261)
	at org.apache.catalina.core.ApplicationFilterChain.internalDoFilter(ApplicationFilterChain.java:235)
	at org.apache.catalina.core.ApplicationFilterChain.doFilter(ApplicationFilterChain.java:206)
	at org.apache.catalina.core.StandardWrapperValve.invoke(StandardWrapperValve.java:233)
	at org.apache.catalina.core.StandardContextValve.invoke(StandardContextValve.java:191)
	at org.apache.catalina.core.StandardHostValve.invoke(StandardHostValve.java:127)
	at org.apache.catalina.valves.ErrorReportValve.invoke(ErrorReportValve.java:102)
	at org.apache.catalina.core.StandardEngineValve.invoke(StandardEngineValve.java:109)
	at org.apache.catalina.connector.CoyoteAdapter.service(CoyoteAdapter.java:298)
	at org.apache.coyote.http11.Http11Processor.process(Http11Processor.java:857)
	at org.apache.coyote.http11.Http11Protocol$Http11ConnectionHandler.process(Http11Protocol.java:588)
	at org.apache.tomcat.util.net.JIoEndpoint$Worker.run(JIoEndpoint.java:489)
	at java.lang.Thread.run(Thread.java:745)
2016-03-18 09:50:19,491 DEBUG - SecurityContextHolder now cleared, as request processing completed
2016-03-18 09:51:01,564 DEBUG - Checking match of request : '/index.jsp'; against '/**/*.jsp'
2016-03-18 09:51:01,565 DEBUG - /index.jsp has an empty filter list
2016-03-18 09:51:01,604 DEBUG - Checking match of request : '/home'; against '/**/*.jsp'
2016-03-18 09:51:01,604 DEBUG - Checking match of request : '/home'; against '/**/*.png'
2016-03-18 09:51:01,604 DEBUG - Checking match of request : '/home'; against '/**/*.gif'
2016-03-18 09:51:01,604 DEBUG - Checking match of request : '/home'; against '/**/*.css'
2016-03-18 09:51:01,604 DEBUG - Checking match of request : '/home'; against '/**/*.js'
2016-03-18 09:51:01,605 DEBUG - Checking match of request : '/home'; against '/**/*.map'
2016-03-18 09:51:01,605 DEBUG - Checking match of request : '/home'; against '/**/*.eot'
2016-03-18 09:51:01,605 DEBUG - Checking match of request : '/home'; against '/**/*.woff'
2016-03-18 09:51:01,605 DEBUG - Checking match of request : '/home'; against '/**/*.svg'
2016-03-18 09:51:01,605 DEBUG - Checking match of request : '/home'; against '/**/*.ttf'
2016-03-18 09:51:01,605 DEBUG - /home at position 1 of 12 in additional filter chain; firing Filter: 'SecurityContextPersistenceFilter'
2016-03-18 09:51:01,608 DEBUG - Obtained a valid SecurityContext from SPRING_SECURITY_CONTEXT: 'org.springframework.security.core.context.SecurityContextImpl@ac8bda56: Authentication: org.springframework.security.authentication.UsernamePasswordAuthenticationToken@ac8bda56: Principal: org.springframework.security.core.userdetails.User@2e93ce: Username: chen; Password: [PROTECTED]; Enabled: true; AccountNonExpired: true; credentialsNonExpired: true; AccountNonLocked: true; Granted Authorities: ROLE_ORGANIZATION; Credentials: [PROTECTED]; Authenticated: true; Details: org.springframework.security.web.authentication.WebAuthenticationDetails@0: RemoteIpAddress: 0:0:0:0:0:0:0:1; SessionId: 75A33D48BDA8D07245CF05D8C5C7F6EF; Granted Authorities: ROLE_ORGANIZATION'
2016-03-18 09:51:01,608 DEBUG - /home at position 2 of 12 in additional filter chain; firing Filter: 'LogoutFilter'
2016-03-18 09:51:01,608 DEBUG - /home at position 3 of 12 in additional filter chain; firing Filter: 'LoginFilter'
2016-03-18 09:51:01,608 DEBUG - /home at position 4 of 12 in additional filter chain; firing Filter: 'UsernamePasswordAuthenticationFilter'
2016-03-18 09:51:01,609 DEBUG - /home at position 5 of 12 in additional filter chain; firing Filter: 'BasicAuthenticationFilter'
2016-03-18 09:51:01,610 DEBUG - /home at position 6 of 12 in additional filter chain; firing Filter: 'RequestCacheAwareFilter'
2016-03-18 09:51:01,610 DEBUG - /home at position 7 of 12 in additional filter chain; firing Filter: 'SecurityContextHolderAwareRequestFilter'
2016-03-18 09:51:01,610 DEBUG - /home at position 8 of 12 in additional filter chain; firing Filter: 'RememberMeAuthenticationFilter'
2016-03-18 09:51:01,610 DEBUG - SecurityContextHolder not populated with remember-me token, as it already contained: 'org.springframework.security.authentication.UsernamePasswordAuthenticationToken@ac8bda56: Principal: org.springframework.security.core.userdetails.User@2e93ce: Username: chen; Password: [PROTECTED]; Enabled: true; AccountNonExpired: true; credentialsNonExpired: true; AccountNonLocked: true; Granted Authorities: ROLE_ORGANIZATION; Credentials: [PROTECTED]; Authenticated: true; Details: org.springframework.security.web.authentication.WebAuthenticationDetails@0: RemoteIpAddress: 0:0:0:0:0:0:0:1; SessionId: 75A33D48BDA8D07245CF05D8C5C7F6EF; Granted Authorities: ROLE_ORGANIZATION'
2016-03-18 09:51:01,611 DEBUG - /home at position 9 of 12 in additional filter chain; firing Filter: 'AnonymousAuthenticationFilter'
2016-03-18 09:51:01,612 DEBUG - SecurityContextHolder not populated with anonymous token, as it already contained: 'org.springframework.security.authentication.UsernamePasswordAuthenticationToken@ac8bda56: Principal: org.springframework.security.core.userdetails.User@2e93ce: Username: chen; Password: [PROTECTED]; Enabled: true; AccountNonExpired: true; credentialsNonExpired: true; AccountNonLocked: true; Granted Authorities: ROLE_ORGANIZATION; Credentials: [PROTECTED]; Authenticated: true; Details: org.springframework.security.web.authentication.WebAuthenticationDetails@0: RemoteIpAddress: 0:0:0:0:0:0:0:1; SessionId: 75A33D48BDA8D07245CF05D8C5C7F6EF; Granted Authorities: ROLE_ORGANIZATION'
2016-03-18 09:51:01,612 DEBUG - /home at position 10 of 12 in additional filter chain; firing Filter: 'SessionManagementFilter'
2016-03-18 09:51:01,613 DEBUG - /home at position 11 of 12 in additional filter chain; firing Filter: 'ExceptionTranslationFilter'
2016-03-18 09:51:01,613 DEBUG - /home at position 12 of 12 in additional filter chain; firing Filter: 'FilterSecurityInterceptor'
2016-03-18 09:51:01,613 DEBUG - Checking match of request : '/home'; against '/unitsmanager'
2016-03-18 09:51:01,613 DEBUG - Checking match of request : '/home'; against '/usersmanager'
2016-03-18 09:51:01,613 DEBUG - Checking match of request : '/home'; against '/horizontalquery'
2016-03-18 09:51:01,613 DEBUG - Checking match of request : '/home'; against '/user-center'
2016-03-18 09:51:01,614 DEBUG - Checking match of request : '/home'; against '/position-detail'
2016-03-18 09:51:01,614 DEBUG - Checking match of request : '/home'; against '/user-profile'
2016-03-18 09:51:01,614 DEBUG - Checking match of request : '/home'; against '/user-password'
2016-03-18 09:51:01,614 DEBUG - Checking match of request : '/home'; against '/user-management'
2016-03-18 09:51:01,614 DEBUG - Public object - authentication not attempted
2016-03-18 09:51:01,617 DEBUG - /home reached end of additional filter chain; proceeding with original chain
2016-03-18 09:51:01,617 DEBUG - DispatcherServlet with name 'imis' processing GET request for [/imis/home]
2016-03-18 09:51:01,617 DEBUG - Looking up handler method for path /home
2016-03-18 09:51:01,618 DEBUG - Returning handler method [public org.springframework.web.servlet.ModelAndView com.imis.presentation.controller.LoginController.show()]
2016-03-18 09:51:01,619 DEBUG - Returning cached instance of singleton bean 'loginController'
2016-03-18 09:51:01,619 DEBUG - Last-Modified value for [/imis/home] is: -1
2016-03-18 09:51:01,619 DEBUG - Rendering view [org.springframework.web.servlet.view.JstlView: name 'home'; URL [/pages/home.jsp]] in DispatcherServlet with name 'imis'
2016-03-18 09:51:01,620 DEBUG - Forwarding to resource [/pages/home.jsp] in InternalResourceView 'home'
2016-03-18 09:51:01,623 DEBUG - Successfully completed request
2016-03-18 09:51:01,623 DEBUG - Chain processed normally
2016-03-18 09:51:01,623 DEBUG - SecurityContextHolder now cleared, as request processing completed
2016-03-18 09:51:02,835 DEBUG - Checking match of request : '/login/username'; against '/**/*.jsp'
2016-03-18 09:51:02,841 DEBUG - Checking match of request : '/login/username'; against '/**/*.png'
2016-03-18 09:51:02,844 DEBUG - Checking match of request : '/login/username'; against '/**/*.gif'
2016-03-18 09:51:02,844 DEBUG - Checking match of request : '/login/username'; against '/**/*.css'
2016-03-18 09:51:02,844 DEBUG - Checking match of request : '/login/username'; against '/**/*.js'
2016-03-18 09:51:02,844 DEBUG - Checking match of request : '/login/username'; against '/**/*.map'
2016-03-18 09:51:02,844 DEBUG - Checking match of request : '/login/username'; against '/**/*.eot'
2016-03-18 09:51:02,845 DEBUG - Checking match of request : '/login/username'; against '/**/*.woff'
2016-03-18 09:51:02,845 DEBUG - Checking match of request : '/login/username'; against '/**/*.svg'
2016-03-18 09:51:02,845 DEBUG - Checking match of request : '/login/username'; against '/**/*.ttf'
2016-03-18 09:51:02,845 DEBUG - /login/userName at position 1 of 12 in additional filter chain; firing Filter: 'SecurityContextPersistenceFilter'
2016-03-18 09:51:02,845 DEBUG - Obtained a valid SecurityContext from SPRING_SECURITY_CONTEXT: 'org.springframework.security.core.context.SecurityContextImpl@ac8bda56: Authentication: org.springframework.security.authentication.UsernamePasswordAuthenticationToken@ac8bda56: Principal: org.springframework.security.core.userdetails.User@2e93ce: Username: chen; Password: [PROTECTED]; Enabled: true; AccountNonExpired: true; credentialsNonExpired: true; AccountNonLocked: true; Granted Authorities: ROLE_ORGANIZATION; Credentials: [PROTECTED]; Authenticated: true; Details: org.springframework.security.web.authentication.WebAuthenticationDetails@0: RemoteIpAddress: 0:0:0:0:0:0:0:1; SessionId: 75A33D48BDA8D07245CF05D8C5C7F6EF; Granted Authorities: ROLE_ORGANIZATION'
2016-03-18 09:51:02,846 DEBUG - /login/userName at position 2 of 12 in additional filter chain; firing Filter: 'LogoutFilter'
2016-03-18 09:51:02,846 DEBUG - /login/userName at position 3 of 12 in additional filter chain; firing Filter: 'LoginFilter'
2016-03-18 09:51:02,846 DEBUG - /login/userName at position 4 of 12 in additional filter chain; firing Filter: 'UsernamePasswordAuthenticationFilter'
2016-03-18 09:51:02,846 DEBUG - /login/userName at position 5 of 12 in additional filter chain; firing Filter: 'BasicAuthenticationFilter'
2016-03-18 09:51:02,846 DEBUG - /login/userName at position 6 of 12 in additional filter chain; firing Filter: 'RequestCacheAwareFilter'
2016-03-18 09:51:02,847 DEBUG - /login/userName at position 7 of 12 in additional filter chain; firing Filter: 'SecurityContextHolderAwareRequestFilter'
2016-03-18 09:51:02,847 DEBUG - /login/userName at position 8 of 12 in additional filter chain; firing Filter: 'RememberMeAuthenticationFilter'
2016-03-18 09:51:02,847 DEBUG - SecurityContextHolder not populated with remember-me token, as it already contained: 'org.springframework.security.authentication.UsernamePasswordAuthenticationToken@ac8bda56: Principal: org.springframework.security.core.userdetails.User@2e93ce: Username: chen; Password: [PROTECTED]; Enabled: true; AccountNonExpired: true; credentialsNonExpired: true; AccountNonLocked: true; Granted Authorities: ROLE_ORGANIZATION; Credentials: [PROTECTED]; Authenticated: true; Details: org.springframework.security.web.authentication.WebAuthenticationDetails@0: RemoteIpAddress: 0:0:0:0:0:0:0:1; SessionId: 75A33D48BDA8D07245CF05D8C5C7F6EF; Granted Authorities: ROLE_ORGANIZATION'
2016-03-18 09:51:02,849 DEBUG - /login/userName at position 9 of 12 in additional filter chain; firing Filter: 'AnonymousAuthenticationFilter'
2016-03-18 09:51:02,850 DEBUG - SecurityContextHolder not populated with anonymous token, as it already contained: 'org.springframework.security.authentication.UsernamePasswordAuthenticationToken@ac8bda56: Principal: org.springframework.security.core.userdetails.User@2e93ce: Username: chen; Password: [PROTECTED]; Enabled: true; AccountNonExpired: true; credentialsNonExpired: true; AccountNonLocked: true; Granted Authorities: ROLE_ORGANIZATION; Credentials: [PROTECTED]; Authenticated: true; Details: org.springframework.security.web.authentication.WebAuthenticationDetails@0: RemoteIpAddress: 0:0:0:0:0:0:0:1; SessionId: 75A33D48BDA8D07245CF05D8C5C7F6EF; Granted Authorities: ROLE_ORGANIZATION'
2016-03-18 09:51:02,850 DEBUG - /login/userName at position 10 of 12 in additional filter chain; firing Filter: 'SessionManagementFilter'
2016-03-18 09:51:02,853 DEBUG - /login/userName at position 11 of 12 in additional filter chain; firing Filter: 'ExceptionTranslationFilter'
2016-03-18 09:51:02,853 DEBUG - /login/userName at position 12 of 12 in additional filter chain; firing Filter: 'FilterSecurityInterceptor'
2016-03-18 09:51:02,854 DEBUG - Checking match of request : '/login/username'; against '/unitsmanager'
2016-03-18 09:51:02,854 DEBUG - Checking match of request : '/login/username'; against '/usersmanager'
2016-03-18 09:51:02,854 DEBUG - Checking match of request : '/login/username'; against '/horizontalquery'
2016-03-18 09:51:02,854 DEBUG - Checking match of request : '/login/username'; against '/user-center'
2016-03-18 09:51:02,854 DEBUG - Checking match of request : '/login/username'; against '/position-detail'
2016-03-18 09:51:02,854 DEBUG - Checking match of request : '/login/username'; against '/user-profile'
2016-03-18 09:51:02,855 DEBUG - Checking match of request : '/login/username'; against '/user-password'
2016-03-18 09:51:02,855 DEBUG - Checking match of request : '/login/username'; against '/user-management'
2016-03-18 09:51:02,855 DEBUG - Public object - authentication not attempted
2016-03-18 09:51:02,855 DEBUG - /login/userName reached end of additional filter chain; proceeding with original chain
2016-03-18 09:51:02,856 DEBUG - DispatcherServlet with name 'imis' processing POST request for [/imis/login/userName]
2016-03-18 09:51:02,856 DEBUG - Looking up handler method for path /login/userName
2016-03-18 09:51:02,859 DEBUG - Did not find handler method for [/login/userName]
2016-03-18 09:51:02,859 DEBUG - Looking up handler method for path /login/userName
2016-03-18 09:51:02,859 DEBUG - Did not find handler method for [/login/userName]
2016-03-18 09:51:02,860 WARN  - No mapping found for HTTP request with URI [/imis/login/userName] in DispatcherServlet with name 'imis'
2016-03-18 09:51:02,860 DEBUG - Successfully completed request
2016-03-18 09:51:02,860 DEBUG - Chain processed normally
2016-03-18 09:51:02,860 DEBUG - SecurityContextHolder now cleared, as request processing completed
